29/09/2022 18:34:18 ::INFO:: Execute on cpu
29/09/2022 18:34:18 ::INFO:: Learning rate = 0.001
29/09/2022 18:34:18 ::INFO:: Batch size = 64
29/09/2022 18:34:18 ::INFO:: Using optimizer : Adam (
Parameter Group 0
    amsgrad: False
    betas: (0.9, 0.999)
    capturable: False
    eps: 1e-08
    foreach: None
    lr: 0.001
    maximize: False
    weight_decay: 0.0005
)
29/09/2022 18:34:18 ::INFO:: Start training
29/09/2022 18:54:55 ::INFO:: Epoch 1/10
29/09/2022 18:54:55 ::INFO:: ***** Training loss : 0.02908
29/09/2022 18:54:55 ::INFO:: ***** MSE validation box loss : 0.03891
29/09/2022 18:54:55 ::INFO:: ***** MSE validation confidence score : 0.21738
29/09/2022 18:54:55 ::INFO:: ***** Validation class acc : 28.15%
29/09/2022 18:59:52 ::INFO:: Epoch 2/10
29/09/2022 18:59:52 ::INFO:: ***** Training loss : 0.00718
29/09/2022 18:59:52 ::INFO:: ***** MSE validation box loss : 0.01411
29/09/2022 18:59:52 ::INFO:: ***** MSE validation confidence score : 0.17135
29/09/2022 18:59:52 ::INFO:: ***** Validation class acc : 94.55%
29/09/2022 19:04:49 ::INFO:: Epoch 3/10
29/09/2022 19:04:49 ::INFO:: ***** Training loss : 0.00496
29/09/2022 19:04:49 ::INFO:: ***** MSE validation box loss : 0.01130
29/09/2022 19:04:49 ::INFO:: ***** MSE validation confidence score : 0.16375
29/09/2022 19:04:49 ::INFO:: ***** Validation class acc : 95.43%
29/09/2022 19:09:46 ::INFO:: Epoch 4/10
29/09/2022 19:09:46 ::INFO:: ***** Training loss : 0.00486
29/09/2022 19:09:46 ::INFO:: ***** MSE validation box loss : 0.01153
29/09/2022 19:09:46 ::INFO:: ***** MSE validation confidence score : 0.14968
29/09/2022 19:09:46 ::INFO:: ***** Validation class acc : 95.18%
29/09/2022 19:14:43 ::INFO:: Epoch 5/10
29/09/2022 19:14:43 ::INFO:: ***** Training loss : 0.00484
29/09/2022 19:14:43 ::INFO:: ***** MSE validation box loss : 0.01293
29/09/2022 19:14:43 ::INFO:: ***** MSE validation confidence score : 0.14744
29/09/2022 19:14:43 ::INFO:: ***** Validation class acc : 90.69%
29/09/2022 19:20:03 ::INFO:: Epoch 6/10
29/09/2022 19:20:03 ::INFO:: ***** Training loss : 0.00467
29/09/2022 19:20:03 ::INFO:: ***** MSE validation box loss : 0.01029
29/09/2022 19:20:03 ::INFO:: ***** MSE validation confidence score : 0.15123
29/09/2022 19:20:03 ::INFO:: ***** Validation class acc : 95.11%
29/09/2022 19:25:30 ::INFO:: Epoch 7/10
29/09/2022 19:25:30 ::INFO:: ***** Training loss : 0.00457
29/09/2022 19:25:30 ::INFO:: ***** MSE validation box loss : 0.01661
29/09/2022 19:25:30 ::INFO:: ***** MSE validation confidence score : 0.13663
29/09/2022 19:25:30 ::INFO:: ***** Validation class acc : 96.70%
29/09/2022 19:30:55 ::INFO:: Epoch 8/10
29/09/2022 19:30:55 ::INFO:: ***** Training loss : 0.00444
29/09/2022 19:30:55 ::INFO:: ***** MSE validation box loss : 0.00987
29/09/2022 19:30:55 ::INFO:: ***** MSE validation confidence score : 0.12501
29/09/2022 19:30:55 ::INFO:: ***** Validation class acc : 96.67%
29/09/2022 19:36:23 ::INFO:: Epoch 9/10
29/09/2022 19:36:23 ::INFO:: ***** Training loss : 0.00438
29/09/2022 19:36:23 ::INFO:: ***** MSE validation box loss : 0.01683
29/09/2022 19:36:23 ::INFO:: ***** MSE validation confidence score : 0.14344
29/09/2022 19:36:23 ::INFO:: ***** Validation class acc : 93.33%
29/09/2022 19:41:56 ::INFO:: Epoch 10/10
29/09/2022 19:41:56 ::INFO:: ***** Training loss : 0.00437
29/09/2022 19:41:56 ::INFO:: ***** MSE validation box loss : 0.02212
29/09/2022 19:41:56 ::INFO:: ***** MSE validation confidence score : 0.14191
29/09/2022 19:41:56 ::INFO:: ***** Validation class acc : 97.23%
29/09/2022 19:41:56 ::INFO:: End training.
