28/10/2022 15:52:52 ::INFO:: Model is smallnet.
28/10/2022 15:52:52 ::INFO:: Execute on cpu
28/10/2022 15:52:52 ::INFO:: Learning rate = 0.001
28/10/2022 15:52:52 ::INFO:: Batch size = 128
28/10/2022 15:52:52 ::INFO:: Using optimizer : Adam (
Parameter Group 0
    amsgrad: False
    betas: (0.9, 0.999)
    capturable: False
    eps: 1e-08
    foreach: None
    lr: 0.001
    maximize: False
    weight_decay: 0.0005
)
28/10/2022 15:52:52 ::INFO:: Start training
28/10/2022 15:52:52 ::INFO:: [START] : 2022-10-28 14:52:52
28/10/2022 15:55:37 ::INFO:: Epoch 1/10
28/10/2022 15:55:37 ::INFO:: ***** Training loss : 0.02041
28/10/2022 15:55:37 ::INFO:: ***** MSE validation box loss : 0.05544
28/10/2022 15:55:37 ::INFO:: ***** MSE validation confidence score : 0.20641
28/10/2022 15:55:37 ::INFO:: ***** Validation class acc : 30.54%
28/10/2022 16:00:35 ::INFO:: Epoch 2/10
28/10/2022 16:00:35 ::INFO:: ***** Training loss : 0.00385
28/10/2022 16:00:35 ::INFO:: ***** MSE validation box loss : 0.01636
28/10/2022 16:00:35 ::INFO:: ***** MSE validation confidence score : 0.19119
28/10/2022 16:00:35 ::INFO:: ***** Validation class acc : 83.87%
28/10/2022 16:05:31 ::INFO:: Epoch 3/10
28/10/2022 16:05:31 ::INFO:: ***** Training loss : 0.00246
28/10/2022 16:05:31 ::INFO:: ***** MSE validation box loss : 0.01050
28/10/2022 16:05:31 ::INFO:: ***** MSE validation confidence score : 0.15097
28/10/2022 16:05:31 ::INFO:: ***** Validation class acc : 92.05%
28/10/2022 16:10:26 ::INFO:: Epoch 4/10
28/10/2022 16:10:26 ::INFO:: ***** Training loss : 0.00235
28/10/2022 16:10:26 ::INFO:: ***** MSE validation box loss : 0.01095
28/10/2022 16:10:26 ::INFO:: ***** MSE validation confidence score : 0.14918
28/10/2022 16:10:26 ::INFO:: ***** Validation class acc : 95.14%
28/10/2022 16:15:22 ::INFO:: Epoch 5/10
28/10/2022 16:15:22 ::INFO:: ***** Training loss : 0.00232
28/10/2022 16:15:22 ::INFO:: ***** MSE validation box loss : 0.01683
28/10/2022 16:15:22 ::INFO:: ***** MSE validation confidence score : 0.17712
28/10/2022 16:15:22 ::INFO:: ***** Validation class acc : 96.30%
28/10/2022 16:20:17 ::INFO:: Epoch 6/10
28/10/2022 16:20:17 ::INFO:: ***** Training loss : 0.00232
28/10/2022 16:20:17 ::INFO:: ***** MSE validation box loss : 0.01179
28/10/2022 16:20:17 ::INFO:: ***** MSE validation confidence score : 0.14996
28/10/2022 16:20:17 ::INFO:: ***** Validation class acc : 95.49%
28/10/2022 16:25:15 ::INFO:: Epoch 7/10
28/10/2022 16:25:15 ::INFO:: ***** Training loss : 0.00231
28/10/2022 16:25:15 ::INFO:: ***** MSE validation box loss : 0.01607
28/10/2022 16:25:15 ::INFO:: ***** MSE validation confidence score : 0.15174
28/10/2022 16:25:15 ::INFO:: ***** Validation class acc : 93.84%
28/10/2022 16:30:14 ::INFO:: Epoch 8/10
28/10/2022 16:30:14 ::INFO:: ***** Training loss : 0.00228
28/10/2022 16:30:14 ::INFO:: ***** MSE validation box loss : 0.01931
28/10/2022 16:30:14 ::INFO:: ***** MSE validation confidence score : 0.14651
28/10/2022 16:30:14 ::INFO:: ***** Validation class acc : 87.37%
[PAUSE]
28/10/2022 17:12:13 ::INFO:: Epoch 9/10
28/10/2022 17:12:13 ::INFO:: ***** Training loss : 0.00224
28/10/2022 17:12:13 ::INFO:: ***** MSE validation box loss : 0.08983
28/10/2022 17:12:13 ::INFO:: ***** MSE validation confidence score : 0.17644
28/10/2022 17:12:13 ::INFO:: ***** Validation class acc : 95.37%
[PAUSE]
28/10/2022 17:52:01 ::INFO:: Epoch 10/10
28/10/2022 17:52:01 ::INFO:: ***** Training loss : 0.00222
28/10/2022 17:52:01 ::INFO:: ***** MSE validation box loss : 0.00888
28/10/2022 17:52:01 ::INFO:: ***** MSE validation confidence score : 0.13033
28/10/2022 17:52:01 ::INFO:: ***** Validation class acc : 97.07%
28/10/2022 17:54:42 ::INFO:: 
Model saved to MNIST_smallnet_10epochs_28102022_17h54.pt.
28/10/2022 17:54:42 ::INFO:: Time duration: 2:01:49.882483.
28/10/2022 17:54:42 ::INFO:: End training.
